000 (695922.000.000) 06/04 22:15:59 Job submitted from host: <172.20.3.187:9618?addrs=172.20.3.187-9618&noUDP&sock=2421_2ee0_3>
...
001 (695922.000.000) 06/04 22:16:15 Job executing on host: <172.20.225.3:9618?addrs=172.20.225.3-9618&noUDP&sock=3433_54b7_3>
...
006 (695922.000.000) 06/04 22:16:24 Image size of job updated: 139196
	130  -  MemoryUsage of job (MB)
	133024  -  ResidentSetSize of job (KB)
...
006 (695922.000.000) 06/04 22:16:41 Image size of job updated: 139196
	131  -  MemoryUsage of job (MB)
	133280  -  ResidentSetSize of job (KB)
...
005 (695922.000.000) 06/04 22:16:41 Job terminated.
	(1) Normal termination (return value 0)
		Usr 0 00:00:17, Sys 0 00:00:01  -  Run Remote Usage
		Usr 0 00:00:00, Sys 0 00:00:00  -  Run Local Usage
		Usr 0 00:00:17, Sys 0 00:00:01  -  Total Remote Usage
		Usr 0 00:00:00, Sys 0 00:00:00  -  Total Local Usage
	0  -  Run Bytes Sent By Job
	786  -  Run Bytes Received By Job
	0  -  Total Bytes Sent By Job
	786  -  Total Bytes Received By Job
	Partitionable Resources :    Usage  Request  Allocated 
	   Cpus                 :     1.00        1          1 
	   Disk (KB)            :    15           1 2779862483 
	   Memory (MB)          :   131        3072       8033 
...
