000 (695930.000.000) 06/04 22:16:00 Job submitted from host: <172.20.3.187:9618?addrs=172.20.3.187-9618&noUDP&sock=2421_2ee0_3>
...
001 (695930.000.000) 06/04 22:16:15 Job executing on host: <172.20.225.3:9618?addrs=172.20.225.3-9618&noUDP&sock=3433_54b7_3>
...
006 (695930.000.000) 06/04 22:16:24 Image size of job updated: 130868
	125  -  MemoryUsage of job (MB)
	127232  -  ResidentSetSize of job (KB)
...
006 (695930.000.000) 06/04 22:16:51 Image size of job updated: 130868
	125  -  MemoryUsage of job (MB)
	127564  -  ResidentSetSize of job (KB)
...
005 (695930.000.000) 06/04 22:16:52 Job terminated.
	(1) Normal termination (return value 0)
		Usr 0 00:00:27, Sys 0 00:00:01  -  Run Remote Usage
		Usr 0 00:00:00, Sys 0 00:00:00  -  Run Local Usage
		Usr 0 00:00:27, Sys 0 00:00:01  -  Total Remote Usage
		Usr 0 00:00:00, Sys 0 00:00:00  -  Total Local Usage
	0  -  Run Bytes Sent By Job
	786  -  Run Bytes Received By Job
	0  -  Total Bytes Sent By Job
	786  -  Total Bytes Received By Job
	Partitionable Resources :    Usage  Request  Allocated 
	   Cpus                 :     1.00        1          1 
	   Disk (KB)            :    15           1 2779862483 
	   Memory (MB)          :   125        3072       8033 
...
