000 (695921.000.000) 06/04 22:15:59 Job submitted from host: <172.20.3.187:9618?addrs=172.20.3.187-9618&noUDP&sock=2421_2ee0_3>
...
001 (695921.000.000) 06/04 22:16:15 Job executing on host: <172.20.225.3:9618?addrs=172.20.225.3-9618&noUDP&sock=3433_54b7_3>
...
006 (695921.000.000) 06/04 22:16:24 Image size of job updated: 133568
	128  -  MemoryUsage of job (MB)
	130992  -  ResidentSetSize of job (KB)
...
006 (695921.000.000) 06/04 22:16:37 Image size of job updated: 133568
	129  -  MemoryUsage of job (MB)
	131344  -  ResidentSetSize of job (KB)
...
005 (695921.000.000) 06/04 22:16:37 Job terminated.
	(1) Normal termination (return value 0)
		Usr 0 00:00:13, Sys 0 00:00:01  -  Run Remote Usage
		Usr 0 00:00:00, Sys 0 00:00:00  -  Run Local Usage
		Usr 0 00:00:13, Sys 0 00:00:01  -  Total Remote Usage
		Usr 0 00:00:00, Sys 0 00:00:00  -  Total Local Usage
	0  -  Run Bytes Sent By Job
	786  -  Run Bytes Received By Job
	0  -  Total Bytes Sent By Job
	786  -  Total Bytes Received By Job
	Partitionable Resources :    Usage  Request  Allocated 
	   Cpus                 :     0.72        1          1 
	   Disk (KB)            :    15           1 2779862483 
	   Memory (MB)          :   129        3072       8033 
...
